# JRE version: OpenJDK Runtime Environment Temurin-17.0.20+8 (17.0.20+8) (build 17.0.20+8)
# Java VM: OpenJDK 64-Bit Server VM Temurin-17.0.20+8 (17.0.20+8, mixed mode, sharing, tiered, compressed oops, compressed class ptrs, g1 gc, windows-amd64)
GC Precious Log:
 CPUs: 4 total, 4 available
 Memory: 8124M
 Large Page Support: Disabled
 NUMA Support: Disabled
 Compressed Oops: Enabled (Zero based)
 Heap Region Size: 4M
 Heap Min Capacity: 8M
 Heap Initial Capacity: 128M
 Heap Max Capacity: 8G
 Pre-touch: Disabled
 Parallel Workers: 4
 Concurrent Workers: 1
 Concurrent Refinement Workers: 4
 Periodic GC: Disabled
Heap:
 garbage-first heap   total 110592K, used 36359K [0x0000000600000000, 0x0000000800000000)
  region size 4096K, 2 young (8192K), 2 survivors (8192K)
 Metaspace       used 46118K, committed 46592K, reserved 1114112K
  class space    used 6626K, committed 6848K, reserved 1048576K
GC Heap History (20 events):
Event: 0.458 GC heap after
{Heap after GC invocations=2 (full 0):
 garbage-first heap   total 131072K, used 1852K [0x0000000600000000, 0x0000000800000000)
  region size 4096K, 1 young (4096K), 1 survivors (4096K)
 Metaspace       used 1045K, committed 1216K, reserved 1114112K
  class space    used 72K, committed 128K, reserved 1048576K
}
Event: 1.321 GC heap before
{Heap before GC invocations=2 (full 0):
 garbage-first heap   total 131072K, used 75580K [0x0000000600000000, 0x0000000800000000)
  region size 4096K, 19 young (77824K), 1 survivors (4096K)
 Metaspace       used 4646K, committed 4800K, reserved 1114112K
  class space    used 573K, committed 640K, reserved 1048576K
}
Event: 1.327 GC heap after
{Heap after GC invocations=3 (full 0):
 garbage-first heap   total 131072K, used 14305K [0x0000000600000000, 0x0000000800000000)
  region size 4096K, 3 young (12288K), 3 survivors (12288K)
 Metaspace       used 4646K, committed 4800K, reserved 1114112K
  class space    used 573K, committed 640K, reserved 1048576K
}
Event: 2.525 GC heap before
{Heap before GC invocations=3 (full 0):
 garbage-first heap   total 131072K, used 79841K [0x0000000600000000, 0x0000000800000000)
  region size 4096K, 19 young (77824K), 3 survivors (12288K)
 Metaspace       used 14242K, committed 14528K, reserved 1114112K
  class space    used 1942K, committed 2112K, reserved 1048576K
}
Event: 2.536 GC heap after
{Heap after GC invocations=4 (full 0):
 garbage-first heap   total 131072K, used 21024K [0x0000000600000000, 0x0000000800000000)
  region size 4096K, 2 young (8192K), 2 survivors (8192K)
 Metaspace       used 14242K, committed 14528K, reserved 1114112K
  class space    used 1942K, committed 2112K, reserved 1048576K
}
Event: 3.304 GC heap before
{Heap before GC invocations=4 (full 0):
 garbage-first heap   total 131072K, used 66080K [0x0000000600000000, 0x0000000800000000)
  region size 4096K, 15 young (61440K), 2 survivors (8192K)
 Metaspace       used 21185K, committed 21504K, reserved 1114112K
  class space    used 2907K, committed 3072K, reserved 1048576K
}
Event: 3.314 GC heap after
{Heap after GC invocations=5 (full 0):
 garbage-first heap   total 131072K, used 23591K [0x0000000600000000, 0x0000000800000000)
  region size 4096K, 1 young (4096K), 1 survivors (4096K)
 Metaspace       used 21185K, committed 21504K, reserved 1114112K
  class space    used 2907K, committed 3072K, reserved 1048576K
}
Event: 4.326 GC heap before
{Heap before GC invocations=6 (full 0):
 garbage-first heap   total 110592K, used 85031K [0x0000000600000000, 0x0000000800000000)
  region size 4096K, 16 young (65536K), 1 survivors (4096K)
 Metaspace       used 28221K, committed 28672K, reserved 1114112K
  class space    used 3995K, committed 4224K, reserved 1048576K
}
Event: 4.332 GC heap after
{Heap after GC invocations=7 (full 0):
 garbage-first heap   total 110592K, used 25899K [0x0000000600000000, 0x0000000800000000)
  region size 4096K, 2 young (8192K), 2 survivors (8192K)
 Metaspace       used 28221K, committed 28672K, reserved 1114112K
  class space    used 3995K, committed 4224K, reserved 1048576K
}
Event: 4.401 GC heap before
{Heap before GC invocations=7 (full 0):
 garbage-first heap   total 110592K, used 29995K [0x0000000600000000, 0x0000000800000000)
  region size 4096K, 3 young (12288K), 2 survivors (8192K)
 Metaspace       used 28769K, committed 29184K, reserved 1114112K
  class space    used 4086K, committed 4288K, reserved 1048576K
}
Event: 4.407 GC heap after
{Heap after GC invocations=8 (full 0):
 garbage-first heap   total 110592K, used 26306K [0x0000000600000000, 0x0000000800000000)
  region size 4096K, 1 young (4096K), 1 survivors (4096K)
 Metaspace       used 28769K, committed 29184K, reserved 1114112K
  class space    used 4086K, committed 4288K, reserved 1048576K
}
Event: 4.880 GC heap before
{Heap before GC invocations=8 (full 0):
 garbage-first heap   total 110592K, used 75458K [0x0000000600000000, 0x0000000800000000)
  region size 4096K, 14 young (57344K), 1 survivors (4096K)
 Metaspace       used 32939K, committed 33408K, reserved 1114112K
  class space    used 4557K, committed 4800K, reserved 1048576K
}
Event: 4.883 GC heap after
{Heap after GC invocations=9 (full 0):
 garbage-first heap   total 110592K, used 28198K [0x0000000600000000, 0x0000000800000000)
  region size 4096K, 1 young (4096K), 1 survivors (4096K)
 Metaspace       used 32939K, committed 33408K, reserved 1114112K
  class space    used 4557K, committed 4800K, reserved 1048576K
}
Event: 5.305 GC heap before
{Heap before GC invocations=9 (full 0):
 garbage-first heap   total 110592K, used 52774K [0x0000000600000000, 0x0000000800000000)
  region size 4096K, 8 young (32768K), 1 survivors (4096K)
 Metaspace       used 35584K, committed 36096K, reserved 1114112K
  class space    used 4991K, committed 5248K, reserved 1048576K
}
Event: 5.310 GC heap after
{Heap after GC invocations=10 (full 0):
 garbage-first heap   total 110592K, used 29594K [0x0000000600000000, 0x0000000800000000)
  region size 4096K, 1 young (4096K), 1 survivors (4096K)
 Metaspace       used 35584K, committed 36096K, reserved 1114112K
  class space    used 4991K, committed 5248K, reserved 1048576K
}
Event: 5.935 GC heap before
{Heap before GC invocations=11 (full 0):
 garbage-first heap   total 110592K, used 82842K [0x0000000600000000, 0x0000000800000000)
  region size 4096K, 14 young (57344K), 1 survivors (4096K)
 Metaspace       used 38086K, committed 38592K, reserved 1114112K
  class space    used 5402K, committed 5632K, reserved 1048576K
}
Event: 5.942 GC heap after
{Heap after GC invocations=12 (full 0):
 garbage-first heap   total 110592K, used 31053K [0x0000000600000000, 0x0000000800000000)
  region size 4096K, 2 young (8192K), 2 survivors (8192K)
 Metaspace       used 38086K, committed 38592K, reserved 1114112K
  class space    used 5402K, committed 5632K, reserved 1048576K
}
Event: 7.002 GC heap before
{Heap before GC invocations=12 (full 0):
 garbage-first heap   total 110592K, used 84301K [0x0000000600000000, 0x0000000800000000)
  region size 4096K, 15 young (61440K), 2 survivors (8192K)
 Metaspace       used 42954K, committed 43456K, reserved 1114112K
  class space    used 6168K, committed 6400K, reserved 1048576K
}
Event: 7.009 GC heap after
{Heap after GC invocations=13 (full 0):
 garbage-first heap   total 110592K, used 33822K [0x0000000600000000, 0x0000000800000000)
  region size 4096K, 2 young (8192K), 2 survivors (8192K)
 Metaspace       used 42954K, committed 43456K, reserved 1114112K
  class space    used 6168K, committed 6400K, reserved 1048576K
}
Event: 8.047 GC heap before
{Heap before GC invocations=13 (full 0):
 garbage-first heap   total 110592K, used 87070K [0x0000000600000000, 0x0000000800000000)
  region size 4096K, 15 young (61440K), 2 survivors (8192K)
 Metaspace       used 46118K, committed 46592K, reserved 1114112K
  class space    used 6626K, committed 6848K, reserved 1048576K
}

